<?xml version="1.0" encoding="UTF-8"?>
<!-- Generated by org.testng.reporters.JUnitReportReporter -->
<testsuite hostname="iBirds" failures="0" tests="1" name="testngpractice.one" time="0.007" errors="0" timestamp="2024-05-10T12:49:47 IST" skipped="0">
  <testcase classname="testngpractice.one" name="first" time="0.007"/>
  <system-out/>
</testsuite> <!-- testngpractice.one -->
