<?xml version="1.0" encoding="UTF-8"?>
<!-- Generated by org.testng.reporters.JUnitReportReporter -->
<testsuite hostname="iBirds" failures="0" tests="2" name="testngpractice.two" time="0.001" errors="0" timestamp="2024-05-10T12:49:47 IST" skipped="0">
  <testcase classname="testngpractice.two" name="first" time="0.000"/>
  <system-out/>
  <testcase classname="testngpractice.two" name="second" time="0.001"/>
  <system-out/>
</testsuite> <!-- testngpractice.two -->
