<?xml version="1.0" encoding="UTF-8"?>
<!-- Generated by org.testng.reporters.JUnitReportReporter -->
<testsuite hostname="iBirds" failures="0" tests="1" name="testngpractice.one" time="0.007" errors="0" timestamp="2025-04-26T21:31:49 IST" skipped="0">
  <testcase classname="testngpractice.one" name="first" time="0.007"/>
</testsuite> <!-- testngpractice.one -->
