<?xml version="1.0" encoding="UTF-8"?>
<!-- Generated by org.testng.reporters.JUnitReportReporter -->
<testsuite hostname="iBirds" failures="0" tests="2" name="testngpractice.two" time="0.002" errors="0" timestamp="2025-04-26T21:31:49 IST" skipped="0">
  <testcase classname="testngpractice.two" name="second" time="0.001"/>
  <testcase classname="testngpractice.two" name="first" time="0.001"/>
</testsuite> <!-- testngpractice.two -->
